0 info it worked if it ends with ok
1 verbose cli [ 'C:\\Program Files\\nodejs\\node.exe',
1 verbose cli   'C:\\Users\\briggsnw\\AppData\\Roaming\\npm\\node_modules\\npm\\bin\\npm-cli.js',
1 verbose cli   'start' ]
2 info using npm@4.0.5
3 info using node@v6.9.2
4 verbose run-script [ 'prestart', 'start', 'poststart' ]
5 info lifecycle wonderful-web-war@1.0.0~prestart: wonderful-web-war@1.0.0
6 silly lifecycle wonderful-web-war@1.0.0~prestart: no script for prestart, continuing
7 info lifecycle wonderful-web-war@1.0.0~start: wonderful-web-war@1.0.0
8 verbose lifecycle wonderful-web-war@1.0.0~start: unsafe-perm in lifecycle true
9 verbose lifecycle wonderful-web-war@1.0.0~start: PATH: C:\Users\briggsnw\AppData\Roaming\npm\node_modules\npm\bin\node-gyp-bin;C:\Users\briggsnw\documents\angular\wonderful-web-war\node_modules\.bin;%SystemRoot%\system32\WindowsPowerShell\v1.0\;C:\Program Files (x86)\Chez Scheme Version 8.4\bin\i3nt;C:\Program Files\Java\jdk1.8.0_11\bin;C:\Program Files\Microsoft SQL Server\Client SDK\ODBC\110\Tools\Binn\;C:\Program Files (x86)\Microsoft SQL Server\120\Tools\Binn\ManagementStudio\;C:\Program Files (x86)\Microsoft SQL Server\120\Tools\Binn\;C:\Program Files\Microsoft SQL Server\120\Tools\Binn\;C:\Program Files (x86)\Microsoft SQL Server\120\DTS\Binn\;C:\Program Files\Microsoft SQL Server\120\DTS\Binn\;C:\Program Files\Intel\WiFi\bin\;C:\Program Files\Common Files\Intel\WirelessCommon\;C:\windows\system32\config\systemprofile\.dnx\bin;C:\Program Files\Microsoft DNX\Dnvm\;C:\Program Files (x86)\Skype\Phone\;C:\Program Files (x86)\QuickTime\QTSystem\;C:\Program Files\nodejs\;C:\Users\briggsnw\AppData\Roaming\Dashlane\4.6.4.21286\bin\Firefox_Extension\{442718d9-475e-452a-b3e1-fb1ee16b8e9f}\components;C:\Users\briggsnw\AppData\Roaming\Dashlane\4.6.5.21982\bin\Firefox_Extension\{442718d9-475e-452a-b3e1-fb1ee16b8e9f}\components;C:\Users\briggsnw\AppData\Roaming\npm;C:\Users\briggsnw\AppData\Local\Programs\Git\cmd
10 verbose lifecycle wonderful-web-war@1.0.0~start: CWD: C:\Users\briggsnw\documents\angular\wonderful-web-war
11 silly lifecycle wonderful-web-war@1.0.0~start: Args: [ '/d /s /c', 'tsc && concurrently "tsc -w" "lite-server" ' ]
12 silly lifecycle wonderful-web-war@1.0.0~start: Returned: code: 3221225786  signal: null
13 info lifecycle wonderful-web-war@1.0.0~start: Failed to exec start script
14 verbose stack Error: wonderful-web-war@1.0.0 start: `tsc && concurrently "tsc -w" "lite-server" `
14 verbose stack Exit status 3221225786
14 verbose stack     at EventEmitter.<anonymous> (C:\Users\briggsnw\AppData\Roaming\npm\node_modules\npm\lib\utils\lifecycle.js:279:16)
14 verbose stack     at emitTwo (events.js:106:13)
14 verbose stack     at EventEmitter.emit (events.js:191:7)
14 verbose stack     at ChildProcess.<anonymous> (C:\Users\briggsnw\AppData\Roaming\npm\node_modules\npm\lib\utils\spawn.js:40:14)
14 verbose stack     at emitTwo (events.js:106:13)
14 verbose stack     at ChildProcess.emit (events.js:191:7)
14 verbose stack     at maybeClose (internal/child_process.js:877:16)
14 verbose stack     at Process.ChildProcess._handle.onexit (internal/child_process.js:226:5)
15 verbose pkgid wonderful-web-war@1.0.0
16 verbose cwd C:\Users\briggsnw\documents\angular\wonderful-web-war
17 error Windows_NT 6.1.7601
18 error argv "C:\\Program Files\\nodejs\\node.exe" "C:\\Users\\briggsnw\\AppData\\Roaming\\npm\\node_modules\\npm\\bin\\npm-cli.js" "start"
19 error node v6.9.2
20 error npm  v4.0.5
21 error code ELIFECYCLE
22 error wonderful-web-war@1.0.0 start: `tsc && concurrently "tsc -w" "lite-server" `
22 error Exit status 3221225786
23 error Failed at the wonderful-web-war@1.0.0 start script 'tsc && concurrently "tsc -w" "lite-server" '.
23 error Make sure you have the latest version of node.js and npm installed.
23 error If you do, this is most likely a problem with the wonderful-web-war package,
23 error not with npm itself.
23 error Tell the author that this fails on your system:
23 error     tsc && concurrently "tsc -w" "lite-server"
23 error You can get information on how to open an issue for this project with:
23 error     npm bugs wonderful-web-war
23 error Or if that isn't available, you can get their info via:
23 error     npm owner ls wonderful-web-war
23 error There is likely additional logging output above.
24 verbose exit [ 1, true ]
